{
"contracts\\SimpleDex.sol":{"l":{"29":15,"30":15,"31":15,"35":6,"36":5,"37":5,"38":5,"39":5,"40":5,"46":1,"47":1,"48":1,"49":1,"50":1,"51":1,"55":3,"56":2,"57":2,"58":1,"59":1,"60":1,"61":1,"62":1,"66":2,"67":1,"68":1,"69":1,"70":1,"71":1,"72":1,"73":1,"77":3,"78":2,"82":3,"83":1,"85":1,"87":1},"path":"D:\\Desenvolvimento\\final-work-m4\\contracts\\SimpleDex.sol","s":{"1":15,"2":6,"3":5,"4":5,"5":5,"6":1,"7":1,"8":1,"9":1,"10":3,"11":2,"12":2,"13":1,"14":1,"15":1,"16":2,"17":1,"18":1,"19":1,"20":1,"21":1,"22":3,"23":2,"24":3,"25":1,"26":2,"27":1,"28":1},"b":{"1":[15,0],"2":[6,1],"3":[5,1],"4":[5,0],"5":[5,0],"6":[1,1],"7":[1,0],"8":[1,0],"9":[1,0],"10":[2,1],"11":[2,0],"12":[1,0],"13":[1,0],"14":[1,1],"15":[1,0],"16":[1,0],"17":[1,0],"18":[2,1],"19":[1,2],"20":[1,1]},"f":{"1":15,"2":6,"3":1,"4":3,"5":2,"6":3,"7":3},"fnMap":{"1":{"name":"constructor","line":28,"loc":{"start":{"line":28,"column":4},"end":{"line":32,"column":4}}},"2":{"name":"addLiquidity","line":34,"loc":{"start":{"line":34,"column":4},"end":{"line":41,"column":4}}},"3":{"name":"removeLiquidity","line":45,"loc":{"start":{"line":45,"column":4},"end":{"line":52,"column":4}}},"4":{"name":"swapAforB","line":54,"loc":{"start":{"line":54,"column":4},"end":{"line":63,"column":4}}},"5":{"name":"swapBforA","line":65,"loc":{"start":{"line":65,"column":4},"end":{"line":74,"column":4}}},"6":{"name":"getAmountOut","line":76,"loc":{"start":{"line":76,"column":4},"end":{"line":79,"column":4}}},"7":{"name":"getPrice","line":81,"loc":{"start":{"line":81,"column":4},"end":{"line":89,"column":4}}}},"statementMap":{"1":{"start":{"line":29,"column":8},"end":{"line":29,"column":62}},"2":{"start":{"line":35,"column":8},"end":{"line":35,"column":61}},"3":{"start":{"line":38,"column":8},"end":{"line":38,"column":97}},"4":{"start":{"line":39,"column":8},"end":{"line":39,"column":97}},"5":{"start":{"line":40,"column":8},"end":{"line":40,"column":45}},"6":{"start":{"line":46,"column":8},"end":{"line":46,"column":83}},"7":{"start":{"line":49,"column":8},"end":{"line":49,"column":78}},"8":{"start":{"line":50,"column":8},"end":{"line":50,"column":78}},"9":{"start":{"line":51,"column":8},"end":{"line":51,"column":47}},"10":{"start":{"line":55,"column":8},"end":{"line":55,"column":47}},"11":{"start":{"line":56,"column":8},"end":{"line":56,"column":99}},"12":{"start":{"line":57,"column":8},"end":{"line":57,"column":72}},"13":{"start":{"line":58,"column":8},"end":{"line":58,"column":70}},"14":{"start":{"line":61,"column":8},"end":{"line":61,"column":81}},"15":{"start":{"line":62,"column":8},"end":{"line":62,"column":48}},"16":{"start":{"line":66,"column":8},"end":{"line":66,"column":47}},"17":{"start":{"line":67,"column":8},"end":{"line":67,"column":99}},"18":{"start":{"line":68,"column":8},"end":{"line":68,"column":72}},"19":{"start":{"line":69,"column":8},"end":{"line":69,"column":70}},"20":{"start":{"line":72,"column":8},"end":{"line":72,"column":81}},"21":{"start":{"line":73,"column":8},"end":{"line":73,"column":48}},"22":{"start":{"line":77,"column":8},"end":{"line":77,"column":93}},"23":{"start":{"line":78,"column":8},"end":{"line":78,"column":63}},"24":{"start":{"line":82,"column":8},"end":{"line":82,"column":3736}},"25":{"start":{"line":83,"column":12},"end":{"line":83,"column":47}},"26":{"start":{"line":84,"column":15},"end":{"line":84,"column":3835}},"27":{"start":{"line":85,"column":12},"end":{"line":85,"column":47}},"28":{"start":{"line":87,"column":12},"end":{"line":87,"column":42}}},"branchMap":{"1":{"line":29,"type":"if","locations":[{"start":{"line":29,"column":8},"end":{"line":29,"column":8}},{"start":{"line":29,"column":8},"end":{"line":29,"column":8}}]},"2":{"line":34,"type":"if","locations":[{"start":{"line":34,"column":69},"end":{"line":34,"column":69}},{"start":{"line":34,"column":69},"end":{"line":34,"column":69}}]},"3":{"line":35,"type":"if","locations":[{"start":{"line":35,"column":8},"end":{"line":35,"column":8}},{"start":{"line":35,"column":8},"end":{"line":35,"column":8}}]},"4":{"line":38,"type":"if","locations":[{"start":{"line":38,"column":8},"end":{"line":38,"column":8}},{"start":{"line":38,"column":8},"end":{"line":38,"column":8}}]},"5":{"line":39,"type":"if","locations":[{"start":{"line":39,"column":8},"end":{"line":39,"column":8}},{"start":{"line":39,"column":8},"end":{"line":39,"column":8}}]},"6":{"line":45,"type":"if","locations":[{"start":{"line":45,"column":72},"end":{"line":45,"column":72}},{"start":{"line":45,"column":72},"end":{"line":45,"column":72}}]},"7":{"line":46,"type":"if","locations":[{"start":{"line":46,"column":8},"end":{"line":46,"column":8}},{"start":{"line":46,"column":8},"end":{"line":46,"column":8}}]},"8":{"line":49,"type":"if","locations":[{"start":{"line":49,"column":8},"end":{"line":49,"column":8}},{"start":{"line":49,"column":8},"end":{"line":49,"column":8}}]},"9":{"line":50,"type":"if","locations":[{"start":{"line":50,"column":8},"end":{"line":50,"column":8}},{"start":{"line":50,"column":8},"end":{"line":50,"column":8}}]},"10":{"line":55,"type":"if","locations":[{"start":{"line":55,"column":8},"end":{"line":55,"column":8}},{"start":{"line":55,"column":8},"end":{"line":55,"column":8}}]},"11":{"line":56,"type":"if","locations":[{"start":{"line":56,"column":8},"end":{"line":56,"column":8}},{"start":{"line":56,"column":8},"end":{"line":56,"column":8}}]},"12":{"line":58,"type":"if","locations":[{"start":{"line":58,"column":8},"end":{"line":58,"column":8}},{"start":{"line":58,"column":8},"end":{"line":58,"column":8}}]},"13":{"line":61,"type":"if","locations":[{"start":{"line":61,"column":8},"end":{"line":61,"column":8}},{"start":{"line":61,"column":8},"end":{"line":61,"column":8}}]},"14":{"line":66,"type":"if","locations":[{"start":{"line":66,"column":8},"end":{"line":66,"column":8}},{"start":{"line":66,"column":8},"end":{"line":66,"column":8}}]},"15":{"line":67,"type":"if","locations":[{"start":{"line":67,"column":8},"end":{"line":67,"column":8}},{"start":{"line":67,"column":8},"end":{"line":67,"column":8}}]},"16":{"line":69,"type":"if","locations":[{"start":{"line":69,"column":8},"end":{"line":69,"column":8}},{"start":{"line":69,"column":8},"end":{"line":69,"column":8}}]},"17":{"line":72,"type":"if","locations":[{"start":{"line":72,"column":8},"end":{"line":72,"column":8}},{"start":{"line":72,"column":8},"end":{"line":72,"column":8}}]},"18":{"line":77,"type":"if","locations":[{"start":{"line":77,"column":8},"end":{"line":77,"column":8}},{"start":{"line":77,"column":8},"end":{"line":77,"column":8}}]},"19":{"line":82,"type":"if","locations":[{"start":{"line":82,"column":8},"end":{"line":82,"column":8}},{"start":{"line":82,"column":8},"end":{"line":82,"column":8}}]},"20":{"line":84,"type":"if","locations":[{"start":{"line":84,"column":15},"end":{"line":84,"column":15}},{"start":{"line":84,"column":15},"end":{"line":84,"column":15}}]}}},
"contracts\\TokenA.sol":{"l":{"9":15,"13":1,"17":1},"path":"D:\\Desenvolvimento\\final-work-m4\\contracts\\TokenA.sol","s":{"1":15,"2":1,"3":1},"b":{"1":[1,0],"2":[1,0]},"f":{"1":15,"2":1,"3":1},"fnMap":{"1":{"name":"constructor","line":8,"loc":{"start":{"line":8,"column":4},"end":{"line":10,"column":4}}},"2":{"name":"mint","line":12,"loc":{"start":{"line":12,"column":4},"end":{"line":14,"column":4}}},"3":{"name":"burn","line":16,"loc":{"start":{"line":16,"column":4},"end":{"line":18,"column":4}}}},"statementMap":{"1":{"start":{"line":9,"column":8},"end":{"line":9,"column":39}},"2":{"start":{"line":13,"column":8},"end":{"line":13,"column":24}},"3":{"start":{"line":17,"column":8},"end":{"line":17,"column":32}}},"branchMap":{"1":{"line":12,"type":"if","locations":[{"start":{"line":12,"column":53},"end":{"line":12,"column":53}},{"start":{"line":12,"column":53},"end":{"line":12,"column":53}}]},"2":{"line":16,"type":"if","locations":[{"start":{"line":16,"column":41},"end":{"line":16,"column":41}},{"start":{"line":16,"column":41},"end":{"line":16,"column":41}}]}}},
"contracts\\TokenB.sol":{"l":{"9":15,"13":1,"17":1},"path":"D:\\Desenvolvimento\\final-work-m4\\contracts\\TokenB.sol","s":{"1":15,"2":1,"3":1},"b":{"1":[1,0],"2":[1,0]},"f":{"1":15,"2":1,"3":1},"fnMap":{"1":{"name":"constructor","line":8,"loc":{"start":{"line":8,"column":4},"end":{"line":10,"column":4}}},"2":{"name":"mint","line":12,"loc":{"start":{"line":12,"column":4},"end":{"line":14,"column":4}}},"3":{"name":"burn","line":16,"loc":{"start":{"line":16,"column":4},"end":{"line":18,"column":4}}}},"statementMap":{"1":{"start":{"line":9,"column":8},"end":{"line":9,"column":39}},"2":{"start":{"line":13,"column":8},"end":{"line":13,"column":24}},"3":{"start":{"line":17,"column":8},"end":{"line":17,"column":32}}},"branchMap":{"1":{"line":12,"type":"if","locations":[{"start":{"line":12,"column":53},"end":{"line":12,"column":53}},{"start":{"line":12,"column":53},"end":{"line":12,"column":53}}]},"2":{"line":16,"type":"if","locations":[{"start":{"line":16,"column":41},"end":{"line":16,"column":41}},{"start":{"line":16,"column":41},"end":{"line":16,"column":41}}]}}}}
