TN:
SF:D:\Desenvolvimento\final-work-m4\contracts\SimpleDex.sol
FN:28,constructor
FN:34,addLiquidity
FN:45,removeLiquidity
FN:54,swapAforB
FN:65,swapBforA
FN:76,getAmountOut
FN:81,getPrice
FNF:7
FNH:7
FNDA:15,constructor
FNDA:6,addLiquidity
FNDA:1,removeLiquidity
FNDA:3,swapAforB
FNDA:2,swapBforA
FNDA:3,getAmountOut
FNDA:3,getPrice
DA:29,15
DA:30,15
DA:31,15
DA:35,6
DA:36,5
DA:37,5
DA:38,5
DA:39,5
DA:40,5
DA:46,1
DA:47,1
DA:48,1
DA:49,1
DA:50,1
DA:51,1
DA:55,3
DA:56,2
DA:57,2
DA:58,1
DA:59,1
DA:60,1
DA:61,1
DA:62,1
DA:66,2
DA:67,1
DA:68,1
DA:69,1
DA:70,1
DA:71,1
DA:72,1
DA:73,1
DA:77,3
DA:78,2
DA:82,3
DA:83,1
DA:85,1
DA:87,1
LF:37
LH:37
BRDA:29,1,0,15
BRDA:29,1,1,0
BRDA:34,2,0,6
BRDA:34,2,1,1
BRDA:35,3,0,5
BRDA:35,3,1,1
BRDA:38,4,0,5
BRDA:38,4,1,0
BRDA:39,5,0,5
BRDA:39,5,1,0
BRDA:45,6,0,1
BRDA:45,6,1,1
BRDA:46,7,0,1
BRDA:46,7,1,0
BRDA:49,8,0,1
BRDA:49,8,1,0
BRDA:50,9,0,1
BRDA:50,9,1,0
BRDA:55,10,0,2
BRDA:55,10,1,1
BRDA:56,11,0,2
BRDA:56,11,1,0
BRDA:58,12,0,1
BRDA:58,12,1,0
BRDA:61,13,0,1
BRDA:61,13,1,0
BRDA:66,14,0,1
BRDA:66,14,1,1
BRDA:67,15,0,1
BRDA:67,15,1,0
BRDA:69,16,0,1
BRDA:69,16,1,0
BRDA:72,17,0,1
BRDA:72,17,1,0
BRDA:77,18,0,2
BRDA:77,18,1,1
BRDA:82,19,0,1
BRDA:82,19,1,2
BRDA:84,20,0,1
BRDA:84,20,1,1
BRF:40
BRH:28
end_of_record
TN:
SF:D:\Desenvolvimento\final-work-m4\contracts\TokenA.sol
FN:8,constructor
FN:12,mint
FN:16,burn
FNF:3
FNH:3
FNDA:15,constructor
FNDA:1,mint
FNDA:1,burn
DA:9,15
DA:13,1
DA:17,1
LF:3
LH:3
BRDA:12,1,0,1
BRDA:12,1,1,0
BRDA:16,2,0,1
BRDA:16,2,1,0
BRF:4
BRH:2
end_of_record
TN:
SF:D:\Desenvolvimento\final-work-m4\contracts\TokenB.sol
FN:8,constructor
FN:12,mint
FN:16,burn
FNF:3
FNH:3
FNDA:15,constructor
FNDA:1,mint
FNDA:1,burn
DA:9,15
DA:13,1
DA:17,1
LF:3
LH:3
BRDA:12,1,0,1
BRDA:12,1,1,0
BRDA:16,2,0,1
BRDA:16,2,1,0
BRF:4
BRH:2
end_of_record
